<?xml version="1.0" encoding="UTF-8"?>
<!-- Generated by org.testng.reporters.JUnitXMLReporter -->
<testsuite hostname="LAPTOP-L2LB3A44" name="Errorvalidation" tests="2" failures="0" timestamp="6 Nov 2022 02:33:47 GMT" time="56.471" errors="0">
  <testcase name="LoginErrorValidation" time="1.294" classname="raulshettyacademy.SeleniumFramework.ErrorValidationstest"/>
  <testcase name="ProductErrorValidation" time="9.561" classname="raulshettyacademy.SeleniumFramework.ErrorValidationstest"/>
</testsuite> <!-- Errorvalidation -->
