<?xml version="1.0" encoding="UTF-8"?>
<testng-results skipped="0" failed="0" ignored="0" total="1" passed="1">
  <reporter-output>
  </reporter-output>
  <suite name="Surefire suite" duration-ms="35543" started-at="2022-11-08T23:40:18Z" finished-at="2022-11-08T23:40:54Z">
    <groups>
      <group name="cucumber">
        <method signature="AbstractTestNGCucumberTests.feature(cucumber.api.testng.CucumberFeatureWrapper)[pri:0, instance:CucumberFramework.TestNGTestRunner@5f341870]" name="feature" class="cucumber.api.testng.AbstractTestNGCucumberTests"/>
      </group> <!-- cucumber -->
    </groups>
    <test name="Surefire test" duration-ms="35543" started-at="2022-11-08T23:40:18Z" finished-at="2022-11-08T23:40:54Z">
      <class name="CucumberFramework.TestNGTestRunner">
        <test-method status="PASS" signature="setUpClass()[pri:0, instance:CucumberFramework.TestNGTestRunner@5f341870]" name="setUpClass" is-config="true" duration-ms="203" started-at="2022-11-08T23:40:18Z" finished-at="2022-11-08T23:40:19Z">
          <reporter-output>
          </reporter-output>
        </test-method> <!-- setUpClass -->
        <test-method status="PASS" signature="feature(cucumber.api.testng.CucumberFeatureWrapper)[pri:0, instance:CucumberFramework.TestNGTestRunner@5f341870]" name="feature" duration-ms="35251" started-at="2022-11-08T23:40:19Z" description="Runs Cucumber Feature" data-provider="features" finished-at="2022-11-08T23:40:54Z">
          <params>
            <param index="0">
              <value>
                <![CDATA[Submit the order]]>
              </value>
            </param>
          </params>
          <reporter-output>
          </reporter-output>
        </test-method> <!-- feature -->
        <test-method status="PASS" signature="tearDownClass()[pri:0, instance:CucumberFramework.TestNGTestRunner@5f341870]" name="tearDownClass" is-config="true" duration-ms="7" started-at="2022-11-08T23:40:54Z" finished-at="2022-11-08T23:40:54Z">
          <reporter-output>
          </reporter-output>
        </test-method> <!-- tearDownClass -->
      </class> <!-- CucumberFramework.TestNGTestRunner -->
    </test> <!-- Surefire test -->
  </suite> <!-- Surefire suite -->
</testng-results>
