<?xml version="1.0" encoding="UTF-8"?>
<testng-results skipped="0" failed="0" total="1" passed="1">
  <reporter-output>
  </reporter-output>
  <suite name="Default suite" duration-ms="14169" started-at="2022-11-08T23:21:09Z" finished-at="2022-11-08T23:21:24Z">
    <groups>
      <group name="cucumber">
        <method signature="AbstractTestNGCucumberTests.feature(cucumber.api.testng.CucumberFeatureWrapper)[pri:0, instance:CucumberFramework.TestNGTestRunner@7f13d6e]" name="feature" class="cucumber.api.testng.AbstractTestNGCucumberTests"/>
      </group> <!-- cucumber -->
    </groups>
    <test name="Default test" duration-ms="14169" started-at="2022-11-08T23:21:09Z" finished-at="2022-11-08T23:21:24Z">
      <class name="CucumberFramework.TestNGTestRunner">
        <test-method status="PASS" signature="setUpClass()[pri:0, instance:CucumberFramework.TestNGTestRunner@7f13d6e]" name="setUpClass" is-config="true" duration-ms="290" started-at="2022-11-08T15:21:09Z" finished-at="2022-11-08T15:21:10Z">
          <reporter-output>
          </reporter-output>
        </test-method> <!-- setUpClass -->
        <test-method status="PASS" signature="feature(cucumber.api.testng.CucumberFeatureWrapper)[pri:0, instance:CucumberFramework.TestNGTestRunner@7f13d6e]" name="feature" duration-ms="13647" started-at="2022-11-08T15:21:10Z" description="Runs Cucumber Feature" data-provider="features" finished-at="2022-11-08T15:21:23Z">
          <params>
            <param index="0">
              <value>
                <![CDATA[Submit the order]]>
              </value>
            </param>
          </params>
          <reporter-output>
          </reporter-output>
        </test-method> <!-- feature -->
        <test-method status="PASS" signature="tearDownClass()[pri:0, instance:CucumberFramework.TestNGTestRunner@7f13d6e]" name="tearDownClass" is-config="true" duration-ms="140" started-at="2022-11-08T15:21:23Z" finished-at="2022-11-08T15:21:24Z">
          <reporter-output>
          </reporter-output>
        </test-method> <!-- tearDownClass -->
      </class> <!-- CucumberFramework.TestNGTestRunner -->
    </test> <!-- Default test -->
  </suite> <!-- Default suite -->
</testng-results>
